<?xml version="1.0" encoding="UTF-8"?>
<testsuite name="pethub.with_JPA.WithJpaApplicationTests" tests="1" skipped="0" failures="0" errors="0" timestamp="2024-07-10T08:37:13" hostname="Komorebiui-MacBookAir.local" time="0.394">
  <properties/>
  <testcase name="contextLoads()" classname="pethub.with_JPA.WithJpaApplicationTests" time="0.394"/>
  <system-out><![CDATA[Standard Commons Logging discovery in action with spring-jcl: please remove commons-logging.jar from classpath in order to avoid potential conflicts
17:37:10.060 [Test worker] INFO org.springframework.test.context.support.AnnotationConfigContextLoaderUtils -- Could not detect default configuration classes for test class [pethub.with_JPA.WithJpaApplicationTests]: WithJpaApplicationTests does not declare any static, non-private, non-final, nested classes annotated with @Configuration.
17:37:10.104 [Test worker] INFO org.springframework.boot.test.context.SpringBootTestContextBootstrapper -- Found @SpringBootConfiguration pethub.with_JPA.WithJpaApplication for test class pethub.with_JPA.WithJpaApplicationTests

  .   ____          _            __ _ _
 /\\ / ___'_ __ _ _(_)_ __  __ _ \ \ \ \
( ( )\___ | '_ | '_| | '_ \/ _` | \ \ \ \
 \\/  ___)| |_)| | | | | || (_| |  ) ) ) )
  '  |____| .__|_| |_|_| |_\__, | / / / /
 =========|_|==============|___/=/_/_/_/

 :: Spring Boot ::                (v3.3.1)

2024-07-10T17:37:10.262+09:00  INFO 6567 --- [with-JPA] [    Test worker] p.with_JPA.WithJpaApplicationTests       : Starting WithJpaApplicationTests using Java 17.0.8 with PID 6567 (started by komorebi in /Users/komorebi/Desktop/IT_Study/TeamProject/PetHubWithJPA)
2024-07-10T17:37:10.263+09:00  INFO 6567 --- [with-JPA] [    Test worker] p.with_JPA.WithJpaApplicationTests       : No active profile set, falling back to 1 default profile: "default"
2024-07-10T17:37:10.550+09:00  INFO 6567 --- [with-JPA] [    Test worker] .s.d.r.c.RepositoryConfigurationDelegate : Bootstrapping Spring Data JPA repositories in DEFAULT mode.
2024-07-10T17:37:10.584+09:00  INFO 6567 --- [with-JPA] [    Test worker] .s.d.r.c.RepositoryConfigurationDelegate : Finished Spring Data repository scanning in 30 ms. Found 9 JPA repository interfaces.
2024-07-10T17:37:10.883+09:00  INFO 6567 --- [with-JPA] [    Test worker] o.hibernate.jpa.internal.util.LogHelper  : HHH000204: Processing PersistenceUnitInfo [name: default]
2024-07-10T17:37:10.908+09:00  INFO 6567 --- [with-JPA] [    Test worker] org.hibernate.Version                    : HHH000412: Hibernate ORM core version 6.5.2.Final
2024-07-10T17:37:10.924+09:00  INFO 6567 --- [with-JPA] [    Test worker] o.h.c.internal.RegionFactoryInitiator    : HHH000026: Second-level cache disabled
2024-07-10T17:37:11.049+09:00  INFO 6567 --- [with-JPA] [    Test worker] o.s.o.j.p.SpringPersistenceUnitInfo      : No LoadTimeWeaver setup: ignoring JPA class transformer
2024-07-10T17:37:11.062+09:00  INFO 6567 --- [with-JPA] [    Test worker] com.zaxxer.hikari.HikariDataSource       : HikariPool-1 - Starting...
2024-07-10T17:37:11.106+09:00  INFO 6567 --- [with-JPA] [    Test worker] com.zaxxer.hikari.pool.HikariPool        : HikariPool-1 - Added connection conn0: url=jdbc:h2:tcp://localhost/~/pethub user=SA
2024-07-10T17:37:11.107+09:00  INFO 6567 --- [with-JPA] [    Test worker] com.zaxxer.hikari.HikariDataSource       : HikariPool-1 - Start completed.
2024-07-10T17:37:12.086+09:00  INFO 6567 --- [with-JPA] [    Test worker] o.h.e.t.j.p.i.JtaPlatformInitiator       : HHH000489: No JTA platform available (set 'hibernate.transaction.jta.platform' to enable JTA platform integration)
2024-07-10T17:37:12.114+09:00  INFO 6567 --- [with-JPA] [    Test worker] p6spy                                    : #1720600632114 | took 3ms | statement | connection 1| url jdbc:h2:tcp://localhost/~/pethub
select * from INFORMATION_SCHEMA.SEQUENCES
select * from INFORMATION_SCHEMA.SEQUENCES;
2024-07-10T17:37:12.128+09:00 DEBUG 6567 --- [with-JPA] [    Test worker] org.hibernate.SQL                        : 
    alter table if exists board 
       alter column content set data type TEXT
2024-07-10T17:37:12.134+09:00  INFO 6567 --- [with-JPA] [    Test worker] p6spy                                    : #1720600632134 | took 4ms | statement | connection 1| url jdbc:h2:tcp://localhost/~/pethub

    alter table if exists board 
       alter column content set data type TEXT

    alter table if exists board 
       alter column content set data type TEXT;
2024-07-10T17:37:12.135+09:00 DEBUG 6567 --- [with-JPA] [    Test worker] org.hibernate.SQL                        : 
    alter table if exists item 
       alter column item_description set data type TEXT
2024-07-10T17:37:12.136+09:00  INFO 6567 --- [with-JPA] [    Test worker] p6spy                                    : #1720600632136 | took 0ms | statement | connection 1| url jdbc:h2:tcp://localhost/~/pethub

    alter table if exists item 
       alter column item_description set data type TEXT

    alter table if exists item 
       alter column item_description set data type TEXT;
2024-07-10T17:37:12.136+09:00 DEBUG 6567 --- [with-JPA] [    Test worker] org.hibernate.SQL                        : 
    alter table if exists reply 
       alter column content set data type TEXT
2024-07-10T17:37:12.137+09:00  INFO 6567 --- [with-JPA] [    Test worker] p6spy                                    : #1720600632137 | took 0ms | statement | connection 1| url jdbc:h2:tcp://localhost/~/pethub

    alter table if exists reply 
       alter column content set data type TEXT

    alter table if exists reply 
       alter column content set data type TEXT;
2024-07-10T17:37:12.147+09:00  INFO 6567 --- [with-JPA] [    Test worker] p6spy                                    : #1720600632147 | took 0ms | statement | connection 1| url jdbc:h2:tcp://localhost/~/pethub
select * from "PETHUB"."PUBLIC"."MEMBER" where 1=0
select * from "PETHUB"."PUBLIC"."MEMBER" where 1=0;
2024-07-10T17:37:12.150+09:00  INFO 6567 --- [with-JPA] [    Test worker] p6spy                                    : #1720600632150 | took 0ms | statement | connection 1| url jdbc:h2:tcp://localhost/~/pethub
select * from "PETHUB"."PUBLIC"."CART" where 1=0
select * from "PETHUB"."PUBLIC"."CART" where 1=0;
2024-07-10T17:37:12.154+09:00  INFO 6567 --- [with-JPA] [    Test worker] p6spy                                    : #1720600632154 | took 0ms | statement | connection 1| url jdbc:h2:tcp://localhost/~/pethub
select * from "PETHUB"."PUBLIC"."COUPON" where 1=0
select * from "PETHUB"."PUBLIC"."COUPON" where 1=0;
2024-07-10T17:37:12.155+09:00  INFO 6567 --- [with-JPA] [    Test worker] p6spy                                    : #1720600632155 | took 0ms | statement | connection 1| url jdbc:h2:tcp://localhost/~/pethub
select * from "PETHUB"."PUBLIC"."MEMBER" where 1=0
select * from "PETHUB"."PUBLIC"."MEMBER" where 1=0;
2024-07-10T17:37:12.158+09:00  INFO 6567 --- [with-JPA] [    Test worker] p6spy                                    : #1720600632158 | took 0ms | statement | connection 1| url jdbc:h2:tcp://localhost/~/pethub
select * from "PETHUB"."PUBLIC"."CART" where 1=0
select * from "PETHUB"."PUBLIC"."CART" where 1=0;
2024-07-10T17:37:12.161+09:00  INFO 6567 --- [with-JPA] [    Test worker] p6spy                                    : #1720600632161 | took 0ms | statement | connection 1| url jdbc:h2:tcp://localhost/~/pethub
select * from "PETHUB"."PUBLIC"."ITEM" where 1=0
select * from "PETHUB"."PUBLIC"."ITEM" where 1=0;
2024-07-10T17:37:12.163+09:00  INFO 6567 --- [with-JPA] [    Test worker] p6spy                                    : #1720600632163 | took 0ms | statement | connection 1| url jdbc:h2:tcp://localhost/~/pethub
select * from "PETHUB"."PUBLIC"."ORDERS" where 1=0
select * from "PETHUB"."PUBLIC"."ORDERS" where 1=0;
2024-07-10T17:37:12.164+09:00  INFO 6567 --- [with-JPA] [    Test worker] p6spy                                    : #1720600632164 | took 0ms | statement | connection 1| url jdbc:h2:tcp://localhost/~/pethub
select * from "PETHUB"."PUBLIC"."MEMBER" where 1=0
select * from "PETHUB"."PUBLIC"."MEMBER" where 1=0;
2024-07-10T17:37:12.166+09:00  INFO 6567 --- [with-JPA] [    Test worker] p6spy                                    : #1720600632166 | took 1ms | statement | connection 1| url jdbc:h2:tcp://localhost/~/pethub
select * from "PETHUB"."PUBLIC"."BOARD" where 1=0
select * from "PETHUB"."PUBLIC"."BOARD" where 1=0;
2024-07-10T17:37:12.167+09:00  INFO 6567 --- [with-JPA] [    Test worker] p6spy                                    : #1720600632167 | took 0ms | statement | connection 1| url jdbc:h2:tcp://localhost/~/pethub
select * from "PETHUB"."PUBLIC"."MEMBER" where 1=0
select * from "PETHUB"."PUBLIC"."MEMBER" where 1=0;
2024-07-10T17:37:12.168+09:00  INFO 6567 --- [with-JPA] [    Test worker] j.LocalContainerEntityManagerFactoryBean : Initialized JPA EntityManagerFactory for persistence unit 'default'
2024-07-10T17:37:12.790+09:00  WARN 6567 --- [with-JPA] [    Test worker] JpaBaseConfiguration$JpaWebConfiguration : spring.jpa.open-in-view is enabled by default. Therefore, database queries may be performed during view rendering. Explicitly configure spring.jpa.open-in-view to disable this warning
2024-07-10T17:37:13.009+09:00  INFO 6567 --- [with-JPA] [    Test worker] p.with_JPA.WithJpaApplicationTests       : Started WithJpaApplicationTests in 2.856 seconds (process running for 3.378)
]]></system-out>
  <system-err><![CDATA[]]></system-err>
</testsuite>
