<?xml version="1.0" encoding="UTF-8"?>
<testsuite name="pethub.with_JPA.service.MemberServiceTest" tests="2" skipped="0" failures="1" errors="0" timestamp="2024-07-04T08:39:49" hostname="Komorebiui-MacBookAir.local" time="0.13">
  <properties/>
  <testcase name="loginTest()" classname="pethub.with_JPA.service.MemberServiceTest" time="0.115">
    <failure message="org.opentest4j.AssertionFailedError: &#10;expected: pethub.with_JPA.entity.Member@7585531b&#10; but was: null" type="org.opentest4j.AssertionFailedError">org.opentest4j.AssertionFailedError: 
expected: pethub.with_JPA.entity.Member@7585531b
 but was: null
	at java.base@17.0.8/jdk.internal.reflect.NativeConstructorAccessorImpl.newInstance0(Native Method)
	at java.base@17.0.8/jdk.internal.reflect.NativeConstructorAccessorImpl.newInstance(NativeConstructorAccessorImpl.java:77)
	at java.base@17.0.8/jdk.internal.reflect.DelegatingConstructorAccessorImpl.newInstance(DelegatingConstructorAccessorImpl.java:45)
	at java.base@17.0.8/java.lang.reflect.Constructor.newInstanceWithCaller(Constructor.java:499)
	at app//pethub.with_JPA.service.MemberServiceTest.loginTest(MemberServiceTest.java:33)
	at java.base@17.0.8/java.lang.reflect.Method.invoke(Method.java:568)
	at java.base@17.0.8/java.util.ArrayList.forEach(ArrayList.java:1511)
	at java.base@17.0.8/java.util.ArrayList.forEach(ArrayList.java:1511)
</failure>
  </testcase>
  <testcase name="signUpTest()" classname="pethub.with_JPA.service.MemberServiceTest" time="0.015"/>
  <system-out><![CDATA[2024-07-04T17:39:49.300+09:00  INFO 9335 --- [with-JPA] [    Test worker] t.c.s.AnnotationConfigContextLoaderUtils : Could not detect default configuration classes for test class [pethub.with_JPA.service.MemberServiceTest]: MemberServiceTest does not declare any static, non-private, non-final, nested classes annotated with @Configuration.
2024-07-04T17:39:49.303+09:00  INFO 9335 --- [with-JPA] [    Test worker] .b.t.c.SpringBootTestContextBootstrapper : Found @SpringBootConfiguration pethub.with_JPA.WithJpaApplication for test class pethub.with_JPA.service.MemberServiceTest
2024-07-04T17:39:49.321+09:00 DEBUG 9335 --- [with-JPA] [    Test worker] org.hibernate.SQL                        : 
    insert 
    into
        member
        (ad, city, street, zipcode, cart_id, email, name, nick, password, phone, profile, role, username, member_id) 
    values
        (?, ?, ?, ?, ?, ?, ?, ?, ?, ?, ?, ?, ?, default)
2024-07-04T17:39:49.323+09:00  INFO 9335 --- [with-JPA] [    Test worker] p6spy                                    : #1720082389323 | took 1ms | statement | connection 2| url jdbc:h2:tcp://localhost/~/pethub
insert into member (ad,city,street,zipcode,cart_id,email,name,nick,password,phone,profile,role,username,member_id) values (?,?,?,?,?,?,?,?,?,?,?,?,?,default)
insert into member (ad,city,street,zipcode,cart_id,email,name,nick,password,phone,profile,role,username,member_id) values (NULL,NULL,NULL,NULL,NULL,NULL,NULL,NULL,'1111',NULL,'https://search.pstatic.net/sunny/?src=https%3A%2F%2Fpng.pngtree.com%2Fpng-clipart%2F20220112%2Fourlarge%2Fpngtree-cartoon-hand-drawn-default-avatar-png-image_4154232.png&type=sc960_832','MEMBER','test',default);
hashPw = 33275a8aa48ea918bd53a9181aa975f15ab0d0645398f5918a006d08675c1cb27d5c645dbd084eee56e675e25ba4019f2ecea37ca9e2995b49fcb12c096a032e
2024-07-04T17:39:49.388+09:00 DEBUG 9335 --- [with-JPA] [    Test worker] org.hibernate.SQL                        : 
    select
        m1_0.member_id,
        m1_0.ad,
        m1_0.city,
        m1_0.street,
        m1_0.zipcode,
        m1_0.cart_id,
        m1_0.email,
        m1_0.name,
        m1_0.nick,
        m1_0.password,
        m1_0.phone,
        m1_0.profile,
        m1_0.role,
        m1_0.username 
    from
        member m1_0 
    where
        m1_0.username=? 
        and m1_0.password=?
2024-07-04T17:39:49.390+09:00  INFO 9335 --- [with-JPA] [    Test worker] p6spy                                    : #1720082389390 | took 0ms | statement | connection 2| url jdbc:h2:tcp://localhost/~/pethub
select m1_0.member_id,m1_0.ad,m1_0.city,m1_0.street,m1_0.zipcode,m1_0.cart_id,m1_0.email,m1_0.name,m1_0.nick,m1_0.password,m1_0.phone,m1_0.profile,m1_0.role,m1_0.username from member m1_0 where m1_0.username=? and m1_0.password=?
select m1_0.member_id,m1_0.ad,m1_0.city,m1_0.street,m1_0.zipcode,m1_0.cart_id,m1_0.email,m1_0.name,m1_0.nick,m1_0.password,m1_0.phone,m1_0.profile,m1_0.role,m1_0.username from member m1_0 where m1_0.username='test' and m1_0.password='33275a8aa48ea918bd53a9181aa975f15ab0d0645398f5918a006d08675c1cb27d5c645dbd084eee56e675e25ba4019f2ecea37ca9e2995b49fcb12c096a032e';
2024-07-04T17:39:49.418+09:00  INFO 9335 --- [with-JPA] [    Test worker] p6spy                                    : #1720082389418 | took 0ms | rollback | connection 2| url jdbc:h2:tcp://localhost/~/pethub

;
2024-07-04T17:39:49.422+09:00 DEBUG 9335 --- [with-JPA] [    Test worker] org.hibernate.SQL                        : 
    insert 
    into
        member
        (ad, city, street, zipcode, cart_id, email, name, nick, password, phone, profile, role, username, member_id) 
    values
        (?, ?, ?, ?, ?, ?, ?, ?, ?, ?, ?, ?, ?, default)
2024-07-04T17:39:49.423+09:00  INFO 9335 --- [with-JPA] [    Test worker] p6spy                                    : #1720082389423 | took 0ms | statement | connection 3| url jdbc:h2:tcp://localhost/~/pethub
insert into member (ad,city,street,zipcode,cart_id,email,name,nick,password,phone,profile,role,username,member_id) values (?,?,?,?,?,?,?,?,?,?,?,?,?,default)
insert into member (ad,city,street,zipcode,cart_id,email,name,nick,password,phone,profile,role,username,member_id) values (NULL,NULL,NULL,NULL,NULL,NULL,NULL,NULL,'1111',NULL,'https://search.pstatic.net/sunny/?src=https%3A%2F%2Fpng.pngtree.com%2Fpng-clipart%2F20220112%2Fourlarge%2Fpngtree-cartoon-hand-drawn-default-avatar-png-image_4154232.png&type=sc960_832','MEMBER','test',default);
2024-07-04T17:39:49.425+09:00 DEBUG 9335 --- [with-JPA] [    Test worker] org.hibernate.SQL                        : 
    select
        m1_0.member_id 
    from
        member m1_0 
    where
        m1_0.username=? 
    fetch
        first ? rows only
2024-07-04T17:39:49.426+09:00  INFO 9335 --- [with-JPA] [    Test worker] p6spy                                    : #1720082389426 | took 0ms | statement | connection 3| url jdbc:h2:tcp://localhost/~/pethub
select m1_0.member_id from member m1_0 where m1_0.username=? fetch first ? rows only
select m1_0.member_id from member m1_0 where m1_0.username='test1' fetch first 1 rows only;
2024-07-04T17:39:49.427+09:00 DEBUG 9335 --- [with-JPA] [    Test worker] org.hibernate.SQL                        : 
    select
        m1_0.member_id 
    from
        member m1_0 
    where
        m1_0.username=? 
    fetch
        first ? rows only
2024-07-04T17:39:49.427+09:00  INFO 9335 --- [with-JPA] [    Test worker] p6spy                                    : #1720082389427 | took 0ms | statement | connection 3| url jdbc:h2:tcp://localhost/~/pethub
select m1_0.member_id from member m1_0 where m1_0.username=? fetch first ? rows only
select m1_0.member_id from member m1_0 where m1_0.username='test' fetch first 1 rows only;
2024-07-04T17:39:49.428+09:00 DEBUG 9335 --- [with-JPA] [    Test worker] org.hibernate.SQL                        : 
    select
        m1_0.member_id 
    from
        member m1_0 
    where
        m1_0.username=? 
    fetch
        first ? rows only
2024-07-04T17:39:49.429+09:00  INFO 9335 --- [with-JPA] [    Test worker] p6spy                                    : #1720082389429 | took 0ms | statement | connection 3| url jdbc:h2:tcp://localhost/~/pethub
select m1_0.member_id from member m1_0 where m1_0.username=? fetch first ? rows only
select m1_0.member_id from member m1_0 where m1_0.username='test2' fetch first 1 rows only;
2024-07-04T17:39:49.430+09:00 DEBUG 9335 --- [with-JPA] [    Test worker] org.hibernate.SQL                        : 
    insert 
    into
        member
        (ad, city, street, zipcode, cart_id, email, name, nick, password, phone, profile, role, username, member_id) 
    values
        (?, ?, ?, ?, ?, ?, ?, ?, ?, ?, ?, ?, ?, default)
2024-07-04T17:39:49.431+09:00  INFO 9335 --- [with-JPA] [    Test worker] p6spy                                    : #1720082389431 | took 0ms | statement | connection 3| url jdbc:h2:tcp://localhost/~/pethub
insert into member (ad,city,street,zipcode,cart_id,email,name,nick,password,phone,profile,role,username,member_id) values (?,?,?,?,?,?,?,?,?,?,?,?,?,default)
insert into member (ad,city,street,zipcode,cart_id,email,name,nick,password,phone,profile,role,username,member_id) values ('ACCEPT','동래','부산','44444',NULL,'test@gamil.com','테스트','테스트1','33275a8aa48ea918bd53a9181aa975f15ab0d0645398f5918a006d08675c1cb27d5c645dbd084eee56e675e25ba4019f2ecea37ca9e2995b49fcb12c096a032e','01012341234','https://search.pstatic.net/sunny/?src=https%3A%2F%2Fpng.pngtree.com%2Fpng-clipart%2F20220112%2Fourlarge%2Fpngtree-cartoon-hand-drawn-default-avatar-png-image_4154232.png&type=sc960_832','MEMBER','test2',default);
2024-07-04T17:39:49.434+09:00  INFO 9335 --- [with-JPA] [    Test worker] p6spy                                    : #1720082389434 | took 0ms | rollback | connection 3| url jdbc:h2:tcp://localhost/~/pethub

;
]]></system-out>
  <system-err><![CDATA[]]></system-err>
</testsuite>
