<?xml version="1.0" encoding="UTF-8"?>
<testsuite name="pethub.with_JPA.service.MemberServiceTest" tests="2" skipped="0" failures="0" errors="0" timestamp="2024-07-01T03:14:35" hostname="Komorebiui-MacBookAir.local" time="0.489">
  <properties/>
  <testcase name="loginTest()" classname="pethub.with_JPA.service.MemberServiceTest" time="0.458"/>
  <testcase name="signUpTest()" classname="pethub.with_JPA.service.MemberServiceTest" time="0.03"/>
  <system-out><![CDATA[Standard Commons Logging discovery in action with spring-jcl: please remove commons-logging.jar from classpath in order to avoid potential conflicts
12:14:33.238 [Test worker] INFO org.springframework.test.context.support.AnnotationConfigContextLoaderUtils -- Could not detect default configuration classes for test class [pethub.with_JPA.service.MemberServiceTest]: MemberServiceTest does not declare any static, non-private, non-final, nested classes annotated with @Configuration.
12:14:33.287 [Test worker] INFO org.springframework.boot.test.context.SpringBootTestContextBootstrapper -- Found @SpringBootConfiguration pethub.with_JPA.WithJpaApplication for test class pethub.with_JPA.service.MemberServiceTest

  .   ____          _            __ _ _
 /\\ / ___'_ __ _ _(_)_ __  __ _ \ \ \ \
( ( )\___ | '_ | '_| | '_ \/ _` | \ \ \ \
 \\/  ___)| |_)| | | | | || (_| |  ) ) ) )
  '  |____| .__|_| |_|_| |_\__, | / / / /
 =========|_|==============|___/=/_/_/_/

 :: Spring Boot ::                (v3.3.1)

2024-07-01T12:14:33.457+09:00  INFO 3267 --- [with-JPA] [    Test worker] p.with_JPA.service.MemberServiceTest     : Starting MemberServiceTest using Java 17.0.8 with PID 3267 (started by komorebi in /Users/komorebi/Desktop/IT_Study/TeamProject/PetHubWithJPA)
2024-07-01T12:14:33.457+09:00  INFO 3267 --- [with-JPA] [    Test worker] p.with_JPA.service.MemberServiceTest     : No active profile set, falling back to 1 default profile: "default"
2024-07-01T12:14:33.723+09:00  INFO 3267 --- [with-JPA] [    Test worker] .s.d.r.c.RepositoryConfigurationDelegate : Bootstrapping Spring Data JPA repositories in DEFAULT mode.
2024-07-01T12:14:33.744+09:00  INFO 3267 --- [with-JPA] [    Test worker] .s.d.r.c.RepositoryConfigurationDelegate : Finished Spring Data repository scanning in 18 ms. Found 1 JPA repository interface.
2024-07-01T12:14:33.923+09:00  INFO 3267 --- [with-JPA] [    Test worker] o.hibernate.jpa.internal.util.LogHelper  : HHH000204: Processing PersistenceUnitInfo [name: default]
2024-07-01T12:14:33.949+09:00  INFO 3267 --- [with-JPA] [    Test worker] org.hibernate.Version                    : HHH000412: Hibernate ORM core version 6.5.2.Final
2024-07-01T12:14:33.962+09:00  INFO 3267 --- [with-JPA] [    Test worker] o.h.c.internal.RegionFactoryInitiator    : HHH000026: Second-level cache disabled
2024-07-01T12:14:34.084+09:00  INFO 3267 --- [with-JPA] [    Test worker] o.s.o.j.p.SpringPersistenceUnitInfo      : No LoadTimeWeaver setup: ignoring JPA class transformer
2024-07-01T12:14:34.095+09:00  INFO 3267 --- [with-JPA] [    Test worker] com.zaxxer.hikari.HikariDataSource       : HikariPool-1 - Starting...
2024-07-01T12:14:34.151+09:00  INFO 3267 --- [with-JPA] [    Test worker] com.zaxxer.hikari.pool.HikariPool        : HikariPool-1 - Added connection conn0: url=jdbc:h2:tcp://localhost/~/pethub user=SA
2024-07-01T12:14:34.152+09:00  INFO 3267 --- [with-JPA] [    Test worker] com.zaxxer.hikari.HikariDataSource       : HikariPool-1 - Start completed.
2024-07-01T12:14:34.585+09:00  INFO 3267 --- [with-JPA] [    Test worker] o.h.e.t.j.p.i.JtaPlatformInitiator       : HHH000489: No JTA platform available (set 'hibernate.transaction.jta.platform' to enable JTA platform integration)
2024-07-01T12:14:34.586+09:00  INFO 3267 --- [with-JPA] [    Test worker] j.LocalContainerEntityManagerFactoryBean : Initialized JPA EntityManagerFactory for persistence unit 'default'
2024-07-01T12:14:35.004+09:00  WARN 3267 --- [with-JPA] [    Test worker] JpaBaseConfiguration$JpaWebConfiguration : spring.jpa.open-in-view is enabled by default. Therefore, database queries may be performed during view rendering. Explicitly configure spring.jpa.open-in-view to disable this warning
2024-07-01T12:14:35.161+09:00  INFO 3267 --- [with-JPA] [    Test worker] p.with_JPA.service.MemberServiceTest     : Started MemberServiceTest in 1.819 seconds (process running for 2.277)
2024-07-01T12:14:35.486+09:00 DEBUG 3267 --- [with-JPA] [    Test worker] org.hibernate.SQL                        : 
    insert 
    into
        member
        (ad, city, street, zipcode, cart_id, email, name, nick, password, phone, profile, role, username, member_id) 
    values
        (?, ?, ?, ?, ?, ?, ?, ?, ?, ?, ?, ?, ?, default)
2024-07-01T12:14:35.592+09:00 DEBUG 3267 --- [with-JPA] [    Test worker] org.hibernate.SQL                        : 
    select
        m1_0.member_id,
        m1_0.ad,
        m1_0.city,
        m1_0.street,
        m1_0.zipcode,
        m1_0.cart_id,
        m1_0.email,
        m1_0.name,
        m1_0.nick,
        m1_0.password,
        m1_0.phone,
        m1_0.profile,
        m1_0.role,
        m1_0.username 
    from
        member m1_0 
    where
        m1_0.username=? 
        and m1_0.password=?
2024-07-01T12:14:35.629+09:00 DEBUG 3267 --- [with-JPA] [    Test worker] org.hibernate.SQL                        : 
    insert 
    into
        member
        (ad, city, street, zipcode, cart_id, email, name, nick, password, phone, profile, role, username, member_id) 
    values
        (?, ?, ?, ?, ?, ?, ?, ?, ?, ?, ?, ?, ?, default)
2024-07-01T12:14:35.633+09:00 DEBUG 3267 --- [with-JPA] [    Test worker] org.hibernate.SQL                        : 
    select
        m1_0.member_id 
    from
        member m1_0 
    where
        m1_0.username=? 
    fetch
        first ? rows only
2024-07-01T12:14:35.637+09:00 DEBUG 3267 --- [with-JPA] [    Test worker] org.hibernate.SQL                        : 
    select
        m1_0.member_id 
    from
        member m1_0 
    where
        m1_0.username=? 
    fetch
        first ? rows only
2024-07-01T12:14:35.639+09:00 DEBUG 3267 --- [with-JPA] [    Test worker] org.hibernate.SQL                        : 
    select
        m1_0.member_id 
    from
        member m1_0 
    where
        m1_0.username=? 
    fetch
        first ? rows only
2024-07-01T12:14:35.648+09:00 DEBUG 3267 --- [with-JPA] [    Test worker] org.hibernate.SQL                        : 
    insert 
    into
        member
        (ad, city, street, zipcode, cart_id, email, name, nick, password, phone, profile, role, username, member_id) 
    values
        (?, ?, ?, ?, ?, ?, ?, ?, ?, ?, ?, ?, ?, default)
]]></system-out>
  <system-err><![CDATA[]]></system-err>
</testsuite>
