<?xml version="1.0" encoding="UTF-8"?>
<testsuite name="pethub.with_JPA.service.MemberServiceTest" tests="1" skipped="0" failures="0" errors="0" timestamp="2024-06-24T17:26:53" hostname="Komorebiui-MacBookAir.local" time="0.371">
  <properties/>
  <testcase name="loginTest()" classname="pethub.with_JPA.service.MemberServiceTest" time="0.371"/>
  <system-out><![CDATA[02:26:52.073 [Test worker] INFO org.springframework.test.context.support.AnnotationConfigContextLoaderUtils -- Could not detect default configuration classes for test class [pethub.with_JPA.service.MemberServiceTest]: MemberServiceTest does not declare any static, non-private, non-final, nested classes annotated with @Configuration.
02:26:52.111 [Test worker] INFO org.springframework.boot.test.context.SpringBootTestContextBootstrapper -- Found @SpringBootConfiguration pethub.with_JPA.WithJpaApplication for test class pethub.with_JPA.service.MemberServiceTest

  .   ____          _            __ _ _
 /\\ / ___'_ __ _ _(_)_ __  __ _ \ \ \ \
( ( )\___ | '_ | '_| | '_ \/ _` | \ \ \ \
 \\/  ___)| |_)| | | | | || (_| |  ) ) ) )
  '  |____| .__|_| |_|_| |_\__, | / / / /
 =========|_|==============|___/=/_/_/_/

 :: Spring Boot ::                (v3.3.1)

2024-06-25T02:26:52.265+09:00  INFO 4915 --- [with-JPA] [    Test worker] p.with_JPA.service.MemberServiceTest     : Starting MemberServiceTest using Java 17.0.8 with PID 4915 (started by komorebi in /Users/komorebi/Desktop/IT_Study/TeamProject/PetHubWithJPA)
2024-06-25T02:26:52.265+09:00  INFO 4915 --- [with-JPA] [    Test worker] p.with_JPA.service.MemberServiceTest     : No active profile set, falling back to 1 default profile: "default"
2024-06-25T02:26:52.491+09:00  INFO 4915 --- [with-JPA] [    Test worker] .s.d.r.c.RepositoryConfigurationDelegate : Bootstrapping Spring Data JPA repositories in DEFAULT mode.
2024-06-25T02:26:52.510+09:00  INFO 4915 --- [with-JPA] [    Test worker] .s.d.r.c.RepositoryConfigurationDelegate : Finished Spring Data repository scanning in 16 ms. Found 1 JPA repository interface.
2024-06-25T02:26:52.669+09:00  INFO 4915 --- [with-JPA] [    Test worker] o.hibernate.jpa.internal.util.LogHelper  : HHH000204: Processing PersistenceUnitInfo [name: default]
2024-06-25T02:26:52.691+09:00  INFO 4915 --- [with-JPA] [    Test worker] org.hibernate.Version                    : HHH000412: Hibernate ORM core version 6.5.2.Final
2024-06-25T02:26:52.703+09:00  INFO 4915 --- [with-JPA] [    Test worker] o.h.c.internal.RegionFactoryInitiator    : HHH000026: Second-level cache disabled
2024-06-25T02:26:52.817+09:00  INFO 4915 --- [with-JPA] [    Test worker] o.s.o.j.p.SpringPersistenceUnitInfo      : No LoadTimeWeaver setup: ignoring JPA class transformer
2024-06-25T02:26:52.826+09:00  INFO 4915 --- [with-JPA] [    Test worker] com.zaxxer.hikari.HikariDataSource       : HikariPool-1 - Starting...
2024-06-25T02:26:52.868+09:00  INFO 4915 --- [with-JPA] [    Test worker] com.zaxxer.hikari.pool.HikariPool        : HikariPool-1 - Added connection conn0: url=jdbc:h2:tcp://localhost/~/pethub user=SA
2024-06-25T02:26:52.868+09:00  INFO 4915 --- [with-JPA] [    Test worker] com.zaxxer.hikari.HikariDataSource       : HikariPool-1 - Start completed.
2024-06-25T02:26:53.206+09:00  INFO 4915 --- [with-JPA] [    Test worker] o.h.e.t.j.p.i.JtaPlatformInitiator       : HHH000489: No JTA platform available (set 'hibernate.transaction.jta.platform' to enable JTA platform integration)
2024-06-25T02:26:53.211+09:00 DEBUG 4915 --- [with-JPA] [    Test worker] org.hibernate.SQL                        : 
    drop table if exists member cascade 
2024-06-25T02:26:53.213+09:00 DEBUG 4915 --- [with-JPA] [    Test worker] org.hibernate.SQL                        : 
    drop sequence if exists member_seq
2024-06-25T02:26:53.216+09:00 DEBUG 4915 --- [with-JPA] [    Test worker] org.hibernate.SQL                        : 
    create sequence member_seq start with 1 increment by 50
2024-06-25T02:26:53.218+09:00 DEBUG 4915 --- [with-JPA] [    Test worker] org.hibernate.SQL                        : 
    create table member (
        ad tinyint check (ad between 0 and 1),
        role tinyint check (role between 0 and 2),
        member_id bigint not null,
        city varchar(255),
        email varchar(255),
        name varchar(255),
        nick varchar(255),
        password varchar(255),
        phone varchar(255),
        profile varchar(255),
        street varchar(255),
        username varchar(255),
        zipcode varchar(255),
        primary key (member_id)
    )
2024-06-25T02:26:53.220+09:00  INFO 4915 --- [with-JPA] [    Test worker] j.LocalContainerEntityManagerFactoryBean : Initialized JPA EntityManagerFactory for persistence unit 'default'
2024-06-25T02:26:53.388+09:00  WARN 4915 --- [with-JPA] [    Test worker] JpaBaseConfiguration$JpaWebConfiguration : spring.jpa.open-in-view is enabled by default. Therefore, database queries may be performed during view rendering. Explicitly configure spring.jpa.open-in-view to disable this warning
2024-06-25T02:26:53.563+09:00  INFO 4915 --- [with-JPA] [    Test worker] p.with_JPA.service.MemberServiceTest     : Started MemberServiceTest in 1.401 seconds (process running for 1.822)
2024-06-25T02:26:53.831+09:00 DEBUG 4915 --- [with-JPA] [    Test worker] org.hibernate.SQL                        : 
    select
        next value for member_seq
2024-06-25T02:26:53.898+09:00 DEBUG 4915 --- [with-JPA] [    Test worker] org.hibernate.SQL                        : 
    insert 
    into
        member
        (ad, city, street, zipcode, email, name, nick, password, phone, profile, role, username, member_id) 
    values
        (?, ?, ?, ?, ?, ?, ?, ?, ?, ?, ?, ?, ?)
2024-06-25T02:26:53.909+09:00 DEBUG 4915 --- [with-JPA] [    Test worker] org.hibernate.SQL                        : 
    select
        m1_0.member_id,
        m1_0.ad,
        m1_0.city,
        m1_0.street,
        m1_0.zipcode,
        m1_0.email,
        m1_0.name,
        m1_0.nick,
        m1_0.password,
        m1_0.phone,
        m1_0.profile,
        m1_0.role,
        m1_0.username 
    from
        member m1_0 
    where
        m1_0.username=? 
        and m1_0.password=?
]]></system-out>
  <system-err><![CDATA[]]></system-err>
</testsuite>
